AnimatiApp Android/app/build/intermediates/manifest_merge_blame_file/debug/processDebugMainManifest/manifest-merger-blame-debug-report.txt
1<?xml version="1.0" encoding="utf-8"?>
2<manifest xmlns:android="http://schemas.android.com/apk/res/android"
3    package="com.example.animatiappandroid"
4    android:versionCode="1"
5    android:versionName="1.0" >
6
7    <uses-sdk
8        android:minSdkVersion="21"
9        android:targetSdkVersion="34" />
10
11    <permission
11-->[androidx.core:core:1.9.0] AndroidManifest.xml:22:5-24:47
12        android:name="com.example.animatiappandroid.DYNAMIC_RECEIVER_NOT_EXPORTED_PERMISSION"
12-->[androidx.core:core:1.9.0] AndroidManifest.xml:23:9-81
13        android:protectionLevel="signature" />
13-->[androidx.core:core:1.9.0] AndroidManifest.xml:24:9-44
14
15    <uses-permission android:name="com.example.animatiappandroid.DYNAMIC_RECEIVER_NOT_EXPORTED_PERMISSION" />
15-->[androidx.core:core:1.9.0] AndroidManifest.xml:26:5-97
15-->[androidx.core:core:1.9.0] AndroidManifest.xml:26:22-94
16
17    <application
17-->src\main\AndroidManifest.xml:5:5-52:19
18        android:allowBackup="true"
18-->src\main\AndroidManifest.xml:6:9-35
19        android:appComponentFactory="androidx.core.app.CoreComponentFactory"
19-->[androidx.core:core:1.9.0] AndroidManifest.xml:28:18-86
20        android:dataExtractionRules="@xml/data_extraction_rules"
20-->src\main\AndroidManifest.xml:7:9-65
21        android:debuggable="true"
22        android:extractNativeLibs="true"
23        android:fullBackupContent="@xml/backup_rules"
23-->src\main\AndroidManifest.xml:8:9-54
24        android:icon="@mipmap/ic_launcher"
24-->src\main\AndroidManifest.xml:9:9-43
25        android:label="@string/app_name"
25-->src\main\AndroidManifest.xml:10:9-41
26        android:roundIcon="@mipmap/ic_launcher_round"
26-->src\main\AndroidManifest.xml:11:9-54
27        android:supportsRtl="true"
27-->src\main\AndroidManifest.xml:12:9-35
28        android:theme="@style/Theme.AnimatiAppAndroid" >
28-->src\main\AndroidManifest.xml:13:9-55
29        <activity
29-->src\main\AndroidManifest.xml:15:9-17:40
30            android:name="com.example.animatiappandroid.ForgotPasswordActivity"
30-->src\main\AndroidManifest.xml:16:13-51
31            android:exported="false" />
31-->src\main\AndroidManifest.xml:17:13-37
32        <!-- Cambiado: activity_inicio ahora es la pantalla de inicio -->
33        <activity
33-->src\main\AndroidManifest.xml:19:9-27:20
34            android:name="com.example.animatiappandroid.MainMenuActivity"
34-->src\main\AndroidManifest.xml:20:13-45
35            android:exported="true" >
35-->src\main\AndroidManifest.xml:21:13-36
36            <intent-filter>
36-->src\main\AndroidManifest.xml:22:13-26:29
37                <action android:name="android.intent.action.MAIN" />
37-->src\main\AndroidManifest.xml:23:17-69
37-->src\main\AndroidManifest.xml:23:25-66
38
39                <category android:name="android.intent.category.LAUNCHER" />
39-->src\main\AndroidManifest.xml:25:17-77
39-->src\main\AndroidManifest.xml:25:27-74
40            </intent-filter>
41        </activity> <!-- Se registra la actividad sobre nosotros -->
42        <activity
42-->src\main\AndroidManifest.xml:28:9-30:39
43            android:name="com.example.animatiappandroid.SobreNosotrosActivity"
43-->src\main\AndroidManifest.xml:29:13-50
44            android:exported="true" />
44-->src\main\AndroidManifest.xml:30:13-36
45        <activity
45-->src\main\AndroidManifest.xml:31:9-33:39
46            android:name="com.example.animatiappandroid.activity_inicio"
46-->src\main\AndroidManifest.xml:32:13-44
47            android:exported="true" />
47-->src\main\AndroidManifest.xml:33:13-36
48        <activity
48-->src\main\AndroidManifest.xml:34:9-36:39
49            android:name="com.example.animatiappandroid.MainActivity"
49-->src\main\AndroidManifest.xml:35:13-41
50            android:exported="true" /> <!-- Se registra la actividad del carrito -->
50-->src\main\AndroidManifest.xml:36:13-36
51        <activity
51-->src\main\AndroidManifest.xml:37:9-39:39
52            android:name="com.example.animatiappandroid.CartActivity"
52-->src\main\AndroidManifest.xml:38:13-41
53            android:exported="true" /> <!-- Se registra la actividad galería -->
53-->src\main\AndroidManifest.xml:39:13-36
54        <activity
54-->src\main\AndroidManifest.xml:40:9-42:48
55            android:name="com.example.animatiappandroid.Gallery"
55-->src\main\AndroidManifest.xml:41:13-36
56            android:exported="true" /> <!-- Se registra la actividad contacto -->
56-->src\main\AndroidManifest.xml:42:13-36
57        <activity
57-->src\main\AndroidManifest.xml:43:9-45:48
58            android:name="com.example.animatiappandroid.ContactoActivity"
58-->src\main\AndroidManifest.xml:44:13-45
59            android:exported="true" /> <!-- Se registra la actividad registro -->
59-->src\main\AndroidManifest.xml:45:13-36
60        <activity
60-->src\main\AndroidManifest.xml:46:9-48:48
61            android:name="com.example.animatiappandroid.RegisterActivity"
61-->src\main\AndroidManifest.xml:47:13-45
62            android:exported="true" /> <!-- Login -->
62-->src\main\AndroidManifest.xml:48:13-36
63        <activity
63-->src\main\AndroidManifest.xml:49:9-51:48
64            android:name="com.example.animatiappandroid.LoginActivity"
64-->src\main\AndroidManifest.xml:50:13-42
65            android:exported="true" />
65-->src\main\AndroidManifest.xml:51:13-36
66
67        <provider
67-->[androidx.emoji2:emoji2:1.2.0] AndroidManifest.xml:24:9-32:20
68            android:name="androidx.startup.InitializationProvider"
68-->[androidx.emoji2:emoji2:1.2.0] AndroidManifest.xml:25:13-67
69            android:authorities="com.example.animatiappandroid.androidx-startup"
69-->[androidx.emoji2:emoji2:1.2.0] AndroidManifest.xml:26:13-68
70            android:exported="false" >
70-->[androidx.emoji2:emoji2:1.2.0] AndroidManifest.xml:27:13-37
71            <meta-data
71-->[androidx.emoji2:emoji2:1.2.0] AndroidManifest.xml:29:13-31:52
72                android:name="androidx.emoji2.text.EmojiCompatInitializer"
72-->[androidx.emoji2:emoji2:1.2.0] AndroidManifest.xml:30:17-75
73                android:value="androidx.startup" />
73-->[androidx.emoji2:emoji2:1.2.0] AndroidManifest.xml:31:17-49
74            <meta-data
74-->[androidx.lifecycle:lifecycle-process:2.4.1] AndroidManifest.xml:31:13-33:52
75                android:name="androidx.lifecycle.ProcessLifecycleInitializer"
75-->[androidx.lifecycle:lifecycle-process:2.4.1] AndroidManifest.xml:32:17-78
76                android:value="androidx.startup" />
76-->[androidx.lifecycle:lifecycle-process:2.4.1] AndroidManifest.xml:33:17-49
77        </provider>
78    </application>
79
80</manifest>